d:\documents\github\d20\d20\d20\x64\debug\vc143.pdb
d:\documents\github\d20\d20\d20\x64\debug\vc143.idb
d:\documents\github\d20\d20\d20\x64\debug\imgui_widgets.obj
d:\documents\github\d20\d20\d20\x64\debug\imgui_tables.obj
d:\documents\github\d20\d20\d20\x64\debug\imgui_draw.obj
d:\documents\github\d20\d20\d20\x64\debug\imgui_demo.obj
d:\documents\github\d20\d20\d20\x64\debug\imgui.obj
d:\documents\github\d20\d20\d20\x64\debug\main.obj
d:\documents\github\d20\d20\d20\x64\debug\imgui_impl_win32.obj
d:\documents\github\d20\d20\d20\x64\debug\imgui_impl_dx10.obj
d:\documents\github\d20\d20\x64\debug\d20.pdb
d:\documents\github\d20\d20\d20\x64\debug\d20.tlog\cl.command.1.tlog
d:\documents\github\d20\d20\d20\x64\debug\d20.tlog\cl.read.1.tlog
d:\documents\github\d20\d20\d20\x64\debug\d20.tlog\cl.write.1.tlog
d:\documents\github\d20\d20\d20\x64\debug\d20.tlog\link-cvtres.read.1.tlog
d:\documents\github\d20\d20\d20\x64\debug\d20.tlog\link-cvtres.write.1.tlog
d:\documents\github\d20\d20\d20\x64\debug\d20.tlog\link-rc.read.1.tlog
d:\documents\github\d20\d20\d20\x64\debug\d20.tlog\link-rc.write.1.tlog
d:\documents\github\d20\d20\d20\x64\debug\d20.tlog\link.command.1.tlog
d:\documents\github\d20\d20\d20\x64\debug\d20.tlog\link.read.1.tlog
d:\documents\github\d20\d20\d20\x64\debug\d20.tlog\link.read.2.tlog
d:\documents\github\d20\d20\d20\x64\debug\d20.tlog\link.write.1.tlog
